<?xml version="1.0"?>
<library>
    <book>
        <title>Introduction to XQuery</title>
        <author>Jane Doe</author>
        <price>50</price>
    </book>
    <book>
        <title>Advanced XQuery Techniques</title>
        <author>John Smith</author>
        <price>30</price>
    </book>
    <entry>
        <name>Introduction to XQuery</name>
        <price>1</price>
    </entry>
    <entry>
        <name>Advanced XQuery Techniques</name>
        <price>2</price>
    </entry>
</library>
